2024-04-30 18:07:08,057 INFO    StreamThr :149132 [internal.py:wandb_internal():86] W&B internal server running at pid: 149132, started at: 2024-04-30 18:07:08.057196
2024-04-30 18:07:08,066 DEBUG   HandlerThread:149132 [handler.py:handle_request():144] handle_request: status
2024-04-30 18:07:08,071 INFO    WriterThread:149132 [datastore.py:open_for_write():85] open: C:\Users\marie\Desktop\Sanfour\MFRS\models\wandb\run-20240430_180708-0n3y05e8\run-0n3y05e8.wandb
2024-04-30 18:07:08,074 DEBUG   SenderThread:149132 [sender.py:send():379] send: header
2024-04-30 18:07:08,117 DEBUG   SenderThread:149132 [sender.py:send():379] send: run
2024-04-30 18:07:11,491 INFO    SenderThread:149132 [retry.py:__call__():172] Retry attempt failed:
Traceback (most recent call last):
  File "C:\Users\marie\AppData\Roaming\Python\Python39\site-packages\urllib3\connection.py", line 198, in _new_conn
    sock = connection.create_connection(
  File "C:\Users\marie\AppData\Roaming\Python\Python39\site-packages\urllib3\util\connection.py", line 60, in create_connection
    for res in socket.getaddrinfo(host, port, family, socket.SOCK_STREAM):
  File "C:\Program Files\Python39\lib\socket.py", line 954, in getaddrinfo
    for res in _socket.getaddrinfo(host, port, family, type, proto, flags):
socket.gaierror: [Errno 11001] getaddrinfo failed

The above exception was the direct cause of the following exception:

Traceback (most recent call last):
  File "C:\Users\marie\AppData\Roaming\Python\Python39\site-packages\urllib3\connectionpool.py", line 793, in urlopen
    response = self._make_request(
  File "C:\Users\marie\AppData\Roaming\Python\Python39\site-packages\urllib3\connectionpool.py", line 491, in _make_request
    raise new_e
  File "C:\Users\marie\AppData\Roaming\Python\Python39\site-packages\urllib3\connectionpool.py", line 467, in _make_request
    self._validate_conn(conn)
  File "C:\Users\marie\AppData\Roaming\Python\Python39\site-packages\urllib3\connectionpool.py", line 1099, in _validate_conn
    conn.connect()
  File "C:\Users\marie\AppData\Roaming\Python\Python39\site-packages\urllib3\connection.py", line 616, in connect
    self.sock = sock = self._new_conn()
  File "C:\Users\marie\AppData\Roaming\Python\Python39\site-packages\urllib3\connection.py", line 205, in _new_conn
    raise NameResolutionError(self.host, self, e) from e
urllib3.exceptions.NameResolutionError: <urllib3.connection.HTTPSConnection object at 0x00000251DC574CA0>: Failed to resolve 'api.wandb.ai' ([Errno 11001] getaddrinfo failed)

The above exception was the direct cause of the following exception:

Traceback (most recent call last):
  File "C:\Users\marie\AppData\Roaming\Python\Python39\site-packages\requests\adapters.py", line 486, in send
    resp = conn.urlopen(
  File "C:\Users\marie\AppData\Roaming\Python\Python39\site-packages\urllib3\connectionpool.py", line 847, in urlopen
    retries = retries.increment(
  File "C:\Users\marie\AppData\Roaming\Python\Python39\site-packages\urllib3\util\retry.py", line 515, in increment
    raise MaxRetryError(_pool, url, reason) from reason  # type: ignore[arg-type]
urllib3.exceptions.MaxRetryError: HTTPSConnectionPool(host='api.wandb.ai', port=443): Max retries exceeded with url: /graphql (Caused by NameResolutionError("<urllib3.connection.HTTPSConnection object at 0x00000251DC574CA0>: Failed to resolve 'api.wandb.ai' ([Errno 11001] getaddrinfo failed)"))

During handling of the above exception, another exception occurred:

Traceback (most recent call last):
  File "C:\Users\marie\AppData\Roaming\Python\Python39\site-packages\wandb\sdk\lib\retry.py", line 131, in __call__
    result = self._call_fn(*args, **kwargs)
  File "C:\Users\marie\AppData\Roaming\Python\Python39\site-packages\wandb\sdk\internal\internal_api.py", line 323, in execute
    return self.client.execute(*args, **kwargs)  # type: ignore
  File "C:\Users\marie\AppData\Roaming\Python\Python39\site-packages\wandb\vendor\gql-0.2.0\wandb_gql\client.py", line 52, in execute
    result = self._get_result(document, *args, **kwargs)
  File "C:\Users\marie\AppData\Roaming\Python\Python39\site-packages\wandb\vendor\gql-0.2.0\wandb_gql\client.py", line 60, in _get_result
    return self.transport.execute(document, *args, **kwargs)
  File "C:\Users\marie\AppData\Roaming\Python\Python39\site-packages\wandb\sdk\lib\gql_request.py", line 55, in execute
    request = self.session.post(self.url, **post_args)
  File "C:\Users\marie\AppData\Roaming\Python\Python39\site-packages\requests\sessions.py", line 637, in post
    return self.request("POST", url, data=data, json=json, **kwargs)
  File "C:\Users\marie\AppData\Roaming\Python\Python39\site-packages\requests\sessions.py", line 589, in request
    resp = self.send(prep, **send_kwargs)
  File "C:\Users\marie\AppData\Roaming\Python\Python39\site-packages\requests\sessions.py", line 703, in send
    r = adapter.send(request, **kwargs)
  File "C:\Users\marie\AppData\Roaming\Python\Python39\site-packages\requests\adapters.py", line 519, in send
    raise ConnectionError(e, request=request)
requests.exceptions.ConnectionError: HTTPSConnectionPool(host='api.wandb.ai', port=443): Max retries exceeded with url: /graphql (Caused by NameResolutionError("<urllib3.connection.HTTPSConnection object at 0x00000251DC574CA0>: Failed to resolve 'api.wandb.ai' ([Errno 11001] getaddrinfo failed)"))
2024-04-30 18:07:13,160 DEBUG   HandlerThread:149132 [handler.py:handle_request():144] handle_request: keepalive
2024-04-30 18:07:18,185 DEBUG   HandlerThread:149132 [handler.py:handle_request():144] handle_request: keepalive
2024-04-30 18:07:23,218 DEBUG   HandlerThread:149132 [handler.py:handle_request():144] handle_request: keepalive
2024-04-30 18:07:24,177 DEBUG   HandlerThread:149132 [handler.py:handle_request():144] handle_request: check_version
2024-04-30 18:07:24,180 INFO    SenderThread:149132 [dir_watcher.py:__init__():211] watching files in: C:\Users\marie\Desktop\Sanfour\MFRS\models\wandb\run-20240430_180708-0n3y05e8\files
2024-04-30 18:07:24,180 INFO    SenderThread:149132 [sender.py:_start_run_threads():1121] run started: 0n3y05e8 with start time 1714514828.057195
2024-04-30 18:07:24,180 DEBUG   SenderThread:149132 [sender.py:send_request():406] send_request: summary_record
2024-04-30 18:07:24,180 DEBUG   HandlerThread:149132 [handler.py:handle_request():144] handle_request: status_report
2024-04-30 18:07:24,183 INFO    SenderThread:149132 [sender.py:_save_file():1375] saving file wandb-summary.json with policy end
2024-04-30 18:07:24,183 DEBUG   SenderThread:149132 [sender.py:send_request():406] send_request: check_version
2024-04-30 18:07:24,261 DEBUG   HandlerThread:149132 [handler.py:handle_request():144] handle_request: run_start
2024-04-30 18:07:25,182 INFO    Thread-16 :149132 [dir_watcher.py:_on_file_created():271] file/dir created: C:\Users\marie\Desktop\Sanfour\MFRS\models\wandb\run-20240430_180708-0n3y05e8\files\wandb-summary.json
2024-04-30 18:07:26,072 DEBUG   HandlerThread:149132 [system_info.py:__init__():31] System info init
2024-04-30 18:07:26,072 DEBUG   HandlerThread:149132 [system_info.py:__init__():46] System info init done
2024-04-30 18:07:26,072 INFO    HandlerThread:149132 [system_monitor.py:start():181] Starting system monitor
2024-04-30 18:07:26,072 INFO    SystemMonitor:149132 [system_monitor.py:_start():145] Starting system asset monitoring threads
2024-04-30 18:07:26,072 INFO    HandlerThread:149132 [system_monitor.py:probe():201] Collecting system info
2024-04-30 18:07:26,105 INFO    SystemMonitor:149132 [interfaces.py:start():190] Started cpu monitoring
2024-04-30 18:07:26,105 INFO    SystemMonitor:149132 [interfaces.py:start():190] Started disk monitoring
2024-04-30 18:07:26,105 INFO    SystemMonitor:149132 [interfaces.py:start():190] Started gpu monitoring
2024-04-30 18:07:26,139 INFO    SystemMonitor:149132 [interfaces.py:start():190] Started memory monitoring
2024-04-30 18:07:26,210 DEBUG   HandlerThread:149132 [system_info.py:probe():195] Probing system
2024-04-30 18:07:26,210 INFO    SystemMonitor:149132 [interfaces.py:start():190] Started network monitoring
2024-04-30 18:07:26,210 DEBUG   HandlerThread:149132 [system_info.py:_probe_git():180] Probing git
2024-04-30 18:07:26,315 DEBUG   HandlerThread:149132 [system_info.py:_probe_git():188] Probing git done
2024-04-30 18:07:26,330 DEBUG   HandlerThread:149132 [system_info.py:probe():240] Probing system done
2024-04-30 18:07:26,330 DEBUG   HandlerThread:149132 [system_monitor.py:probe():210] {'os': 'Windows-10-10.0.22631-SP0', 'python': '3.9.9', 'heartbeatAt': '2024-04-30T22:07:26.210932', 'startedAt': '2024-04-30T22:07:08.021022', 'docker': None, 'cuda': None, 'args': ('--dataset', 'VGGFace', '--model', 'FaceNet', '--batch_size', '16', '--lr', '0.1', '--optimizer', 'sgd'), 'state': 'running', 'program': 'C:\\Users\\marie\\Desktop\\Sanfour\\MFRS\\models\\models_train.py', 'codePath': 'models\\models_train.py', 'git': {'remote': 'https://github.com/BabaSanfour/MFRS.git', 'commit': 'e637c4f6aef437030500c2f41513aaee275c977f'}, 'email': None, 'root': 'C:/Users/marie/Desktop/Sanfour/MFRS', 'host': 'LAPTOP-CTGDVKVN', 'username': 'marie', 'executable': 'C:\\Program Files\\Python39\\python.exe', 'cpu_count': 8, 'cpu_count_logical': 16, 'cpu_freq': {'current': 2516.0, 'min': 0.0, 'max': 3801.0}, 'cpu_freq_per_core': [{'current': 2516.0, 'min': 0.0, 'max': 3801.0}], 'disk': {'total': 474.71581649780273, 'used': 376.1442985534668}, 'gpu': 'NVIDIA GeForce RTX 3050 6GB Laptop GPU', 'gpu_count': 1, 'gpu_devices': [{'name': 'NVIDIA GeForce RTX 3050 6GB Laptop GPU', 'memory_total': 6442450944}], 'memory': {'total': 15.189807891845703}}
2024-04-30 18:07:26,330 INFO    HandlerThread:149132 [system_monitor.py:probe():211] Finished collecting system info
2024-04-30 18:07:26,330 INFO    HandlerThread:149132 [system_monitor.py:probe():214] Publishing system info
2024-04-30 18:07:26,330 DEBUG   HandlerThread:149132 [system_info.py:_save_pip():51] Saving list of pip packages installed into the current environment
2024-04-30 18:07:26,330 DEBUG   HandlerThread:149132 [system_info.py:_save_pip():67] Saving pip packages done
2024-04-30 18:07:26,333 INFO    HandlerThread:149132 [system_monitor.py:probe():216] Finished publishing system info
2024-04-30 18:07:26,337 DEBUG   SenderThread:149132 [sender.py:send():379] send: files
2024-04-30 18:07:26,337 INFO    SenderThread:149132 [sender.py:_save_file():1375] saving file wandb-metadata.json with policy now
2024-04-30 18:07:26,342 DEBUG   HandlerThread:149132 [handler.py:handle_request():144] handle_request: stop_status
2024-04-30 18:07:26,342 DEBUG   SenderThread:149132 [sender.py:send_request():406] send_request: stop_status
2024-04-30 18:07:26,502 DEBUG   SenderThread:149132 [sender.py:send():379] send: telemetry
2024-04-30 18:07:26,761 INFO    wandb-upload_0:149132 [upload_job.py:push():131] Uploaded file C:\Users\marie\AppData\Local\Temp\tmpkv__uqbqwandb\7q9u1y2e-wandb-metadata.json
2024-04-30 18:07:27,225 INFO    Thread-16 :149132 [dir_watcher.py:_on_file_created():271] file/dir created: C:\Users\marie\Desktop\Sanfour\MFRS\models\wandb\run-20240430_180708-0n3y05e8\files\requirements.txt
2024-04-30 18:07:27,225 INFO    Thread-16 :149132 [dir_watcher.py:_on_file_created():271] file/dir created: C:\Users\marie\Desktop\Sanfour\MFRS\models\wandb\run-20240430_180708-0n3y05e8\files\output.log
2024-04-30 18:07:27,225 INFO    Thread-16 :149132 [dir_watcher.py:_on_file_created():271] file/dir created: C:\Users\marie\Desktop\Sanfour\MFRS\models\wandb\run-20240430_180708-0n3y05e8\files\wandb-metadata.json
2024-04-30 18:07:28,228 ERROR   gpu       :149132 [interfaces.py:monitor():144] Failed to sample metric: Unknown Error
2024-04-30 18:07:28,228 ERROR   gpu       :149132 [interfaces.py:monitor():144] Failed to sample metric: Unknown Error
2024-04-30 18:07:28,733 ERROR   gpu       :149132 [interfaces.py:monitor():144] Failed to sample metric: No data
2024-04-30 18:07:28,733 ERROR   gpu       :149132 [interfaces.py:monitor():144] Failed to sample metric: No data
2024-04-30 18:07:29,249 INFO    Thread-16 :149132 [dir_watcher.py:_on_file_modified():288] file/dir modified: C:\Users\marie\Desktop\Sanfour\MFRS\models\wandb\run-20240430_180708-0n3y05e8\files\output.log
2024-04-30 18:07:29,933 DEBUG   HandlerThread:149132 [handler.py:handle_request():144] handle_request: status_report
2024-04-30 18:07:29,974 DEBUG   SenderThread:149132 [sender.py:send():379] send: exit
2024-04-30 18:07:29,974 INFO    SenderThread:149132 [sender.py:send_exit():584] handling exit code: 1
2024-04-30 18:07:29,974 INFO    SenderThread:149132 [sender.py:send_exit():586] handling runtime: 5
2024-04-30 18:07:29,974 INFO    SenderThread:149132 [sender.py:_save_file():1375] saving file wandb-summary.json with policy end
2024-04-30 18:07:29,977 INFO    SenderThread:149132 [sender.py:send_exit():592] send defer
2024-04-30 18:07:29,977 DEBUG   HandlerThread:149132 [handler.py:handle_request():144] handle_request: defer
2024-04-30 18:07:29,977 INFO    HandlerThread:149132 [handler.py:handle_request_defer():170] handle defer: 0
2024-04-30 18:07:29,977 DEBUG   SenderThread:149132 [sender.py:send_request():406] send_request: defer
2024-04-30 18:07:29,977 INFO    SenderThread:149132 [sender.py:send_request_defer():608] handle sender defer: 0
2024-04-30 18:07:29,977 INFO    SenderThread:149132 [sender.py:transition_state():612] send defer: 1
2024-04-30 18:07:29,977 DEBUG   HandlerThread:149132 [handler.py:handle_request():144] handle_request: defer
2024-04-30 18:07:29,977 INFO    HandlerThread:149132 [handler.py:handle_request_defer():170] handle defer: 1
2024-04-30 18:07:29,977 DEBUG   SenderThread:149132 [sender.py:send_request():406] send_request: defer
2024-04-30 18:07:29,977 INFO    SenderThread:149132 [sender.py:send_request_defer():608] handle sender defer: 1
2024-04-30 18:07:29,977 INFO    SenderThread:149132 [sender.py:transition_state():612] send defer: 2
2024-04-30 18:07:29,977 DEBUG   HandlerThread:149132 [handler.py:handle_request():144] handle_request: defer
2024-04-30 18:07:29,977 INFO    HandlerThread:149132 [handler.py:handle_request_defer():170] handle defer: 2
2024-04-30 18:07:29,977 INFO    HandlerThread:149132 [system_monitor.py:finish():190] Stopping system monitor
2024-04-30 18:07:29,977 DEBUG   SystemMonitor:149132 [system_monitor.py:_start():159] Starting system metrics aggregation loop
2024-04-30 18:07:29,977 INFO    HandlerThread:149132 [interfaces.py:finish():202] Joined cpu monitor
2024-04-30 18:07:30,002 DEBUG   SystemMonitor:149132 [system_monitor.py:_start():166] Finished system metrics aggregation loop
2024-04-30 18:07:30,002 DEBUG   SystemMonitor:149132 [system_monitor.py:_start():170] Publishing last batch of metrics
2024-04-30 18:07:30,002 INFO    HandlerThread:149132 [interfaces.py:finish():202] Joined disk monitor
2024-04-30 18:07:30,260 INFO    Thread-16 :149132 [dir_watcher.py:_on_file_modified():288] file/dir modified: C:\Users\marie\Desktop\Sanfour\MFRS\models\wandb\run-20240430_180708-0n3y05e8\files\wandb-summary.json
2024-04-30 18:07:30,260 INFO    Thread-16 :149132 [dir_watcher.py:_on_file_modified():288] file/dir modified: C:\Users\marie\Desktop\Sanfour\MFRS\models\wandb\run-20240430_180708-0n3y05e8\files\output.log
2024-04-30 18:07:30,648 INFO    HandlerThread:149132 [interfaces.py:finish():202] Joined gpu monitor
2024-04-30 18:07:30,648 INFO    HandlerThread:149132 [interfaces.py:finish():202] Joined memory monitor
2024-04-30 18:07:30,648 INFO    HandlerThread:149132 [interfaces.py:finish():202] Joined network monitor
2024-04-30 18:07:30,648 DEBUG   SenderThread:149132 [sender.py:send_request():406] send_request: defer
2024-04-30 18:07:30,648 INFO    SenderThread:149132 [sender.py:send_request_defer():608] handle sender defer: 2
2024-04-30 18:07:30,648 INFO    SenderThread:149132 [sender.py:transition_state():612] send defer: 3
2024-04-30 18:07:30,648 DEBUG   SenderThread:149132 [sender.py:send():379] send: stats
2024-04-30 18:07:30,648 DEBUG   HandlerThread:149132 [handler.py:handle_request():144] handle_request: defer
2024-04-30 18:07:30,648 INFO    HandlerThread:149132 [handler.py:handle_request_defer():170] handle defer: 3
2024-04-30 18:07:30,648 DEBUG   SenderThread:149132 [sender.py:send_request():406] send_request: defer
2024-04-30 18:07:30,648 INFO    SenderThread:149132 [sender.py:send_request_defer():608] handle sender defer: 3
2024-04-30 18:07:30,648 INFO    SenderThread:149132 [sender.py:transition_state():612] send defer: 4
2024-04-30 18:07:30,648 DEBUG   HandlerThread:149132 [handler.py:handle_request():144] handle_request: defer
2024-04-30 18:07:30,648 INFO    HandlerThread:149132 [handler.py:handle_request_defer():170] handle defer: 4
2024-04-30 18:07:30,648 DEBUG   SenderThread:149132 [sender.py:send_request():406] send_request: defer
2024-04-30 18:07:30,648 INFO    SenderThread:149132 [sender.py:send_request_defer():608] handle sender defer: 4
2024-04-30 18:07:30,648 INFO    SenderThread:149132 [sender.py:transition_state():612] send defer: 5
2024-04-30 18:07:30,648 DEBUG   HandlerThread:149132 [handler.py:handle_request():144] handle_request: defer
2024-04-30 18:07:30,648 INFO    HandlerThread:149132 [handler.py:handle_request_defer():170] handle defer: 5
2024-04-30 18:07:30,648 DEBUG   SenderThread:149132 [sender.py:send():379] send: summary
2024-04-30 18:07:30,648 INFO    SenderThread:149132 [sender.py:_save_file():1375] saving file wandb-summary.json with policy end
2024-04-30 18:07:30,648 DEBUG   SenderThread:149132 [sender.py:send_request():406] send_request: defer
2024-04-30 18:07:30,648 INFO    SenderThread:149132 [sender.py:send_request_defer():608] handle sender defer: 5
2024-04-30 18:07:30,648 INFO    SenderThread:149132 [sender.py:transition_state():612] send defer: 6
2024-04-30 18:07:30,648 DEBUG   HandlerThread:149132 [handler.py:handle_request():144] handle_request: defer
2024-04-30 18:07:30,648 INFO    HandlerThread:149132 [handler.py:handle_request_defer():170] handle defer: 6
2024-04-30 18:07:30,648 DEBUG   SenderThread:149132 [sender.py:send_request():406] send_request: defer
2024-04-30 18:07:30,648 INFO    SenderThread:149132 [sender.py:send_request_defer():608] handle sender defer: 6
2024-04-30 18:07:30,663 DEBUG   HandlerThread:149132 [handler.py:handle_request():144] handle_request: status_report
2024-04-30 18:07:30,804 INFO    SenderThread:149132 [sender.py:transition_state():612] send defer: 7
2024-04-30 18:07:30,806 DEBUG   HandlerThread:149132 [handler.py:handle_request():144] handle_request: defer
2024-04-30 18:07:30,806 INFO    HandlerThread:149132 [handler.py:handle_request_defer():170] handle defer: 7
2024-04-30 18:07:30,806 DEBUG   SenderThread:149132 [sender.py:send_request():406] send_request: defer
2024-04-30 18:07:30,806 INFO    SenderThread:149132 [sender.py:send_request_defer():608] handle sender defer: 7
2024-04-30 18:07:30,990 DEBUG   HandlerThread:149132 [handler.py:handle_request():144] handle_request: poll_exit
2024-04-30 18:07:31,274 INFO    Thread-16 :149132 [dir_watcher.py:_on_file_modified():288] file/dir modified: C:\Users\marie\Desktop\Sanfour\MFRS\models\wandb\run-20240430_180708-0n3y05e8\files\config.yaml
2024-04-30 18:07:31,274 INFO    Thread-16 :149132 [dir_watcher.py:_on_file_modified():288] file/dir modified: C:\Users\marie\Desktop\Sanfour\MFRS\models\wandb\run-20240430_180708-0n3y05e8\files\wandb-summary.json
2024-04-30 18:07:31,274 INFO    Thread-16 :149132 [dir_watcher.py:_on_file_modified():288] file/dir modified: C:\Users\marie\Desktop\Sanfour\MFRS\models\wandb\run-20240430_180708-0n3y05e8\files\output.log
2024-04-30 18:07:33,802 INFO    SenderThread:149132 [sender.py:transition_state():612] send defer: 8
2024-04-30 18:07:33,802 DEBUG   SenderThread:149132 [sender.py:send_request():406] send_request: poll_exit
2024-04-30 18:07:33,802 DEBUG   HandlerThread:149132 [handler.py:handle_request():144] handle_request: defer
2024-04-30 18:07:33,802 INFO    HandlerThread:149132 [handler.py:handle_request_defer():170] handle defer: 8
2024-04-30 18:07:33,802 DEBUG   SenderThread:149132 [sender.py:send_request():406] send_request: defer
2024-04-30 18:07:33,804 INFO    SenderThread:149132 [sender.py:send_request_defer():608] handle sender defer: 8
2024-04-30 18:07:33,804 INFO    SenderThread:149132 [job_builder.py:build():281] Attempting to build job artifact
2024-04-30 18:07:33,804 INFO    SenderThread:149132 [job_builder.py:_get_source_type():400] is repo sourced job
2024-04-30 18:07:33,832 INFO    SenderThread:149132 [job_builder.py:build():374] adding wandb-job metadata file
2024-04-30 18:07:33,848 INFO    SenderThread:149132 [sender.py:transition_state():612] send defer: 9
2024-04-30 18:07:33,848 DEBUG   HandlerThread:149132 [handler.py:handle_request():144] handle_request: defer
2024-04-30 18:07:33,848 INFO    HandlerThread:149132 [handler.py:handle_request_defer():170] handle defer: 9
2024-04-30 18:07:33,848 DEBUG   SenderThread:149132 [sender.py:send():379] send: artifact
2024-04-30 18:07:34,182 INFO    SenderThread:149132 [sender.py:send_artifact():1475] sent artifact job-https___github.com_BabaSanfour_MFRS.git_models_models_train.py - {'id': 'QXJ0aWZhY3Q6Nzk4MDc1OTM1', 'digest': 'bc18fe5ebf429598881f60fbcf4719f0', 'state': 'COMMITTED', 'aliases': [{'artifactCollectionName': 'job-https___github.com_BabaSanfour_MFRS.git_models_models_train.py', 'alias': 'latest'}, {'artifactCollectionName': 'job-https___github.com_BabaSanfour_MFRS.git_models_models_train.py', 'alias': 'v2'}], 'artifactSequence': {'id': 'QXJ0aWZhY3RDb2xsZWN0aW9uOjE2MjI4OTA0OA==', 'latestArtifact': {'id': 'QXJ0aWZhY3Q6ODEzNzYxMTQy', 'versionIndex': 3}}, 'version': 'v2'}
2024-04-30 18:07:34,182 DEBUG   SenderThread:149132 [sender.py:send_request():406] send_request: defer
2024-04-30 18:07:34,182 INFO    SenderThread:149132 [sender.py:send_request_defer():608] handle sender defer: 9
2024-04-30 18:07:34,182 INFO    SenderThread:149132 [dir_watcher.py:finish():358] shutting down directory watcher
2024-04-30 18:07:34,299 INFO    SenderThread:149132 [dir_watcher.py:_on_file_modified():288] file/dir modified: C:\Users\marie\Desktop\Sanfour\MFRS\models\wandb\run-20240430_180708-0n3y05e8\files\output.log
2024-04-30 18:07:34,299 INFO    SenderThread:149132 [dir_watcher.py:finish():388] scan: C:\Users\marie\Desktop\Sanfour\MFRS\models\wandb\run-20240430_180708-0n3y05e8\files
2024-04-30 18:07:34,300 INFO    SenderThread:149132 [dir_watcher.py:finish():402] scan save: C:\Users\marie\Desktop\Sanfour\MFRS\models\wandb\run-20240430_180708-0n3y05e8\files\config.yaml config.yaml
2024-04-30 18:07:34,300 INFO    SenderThread:149132 [dir_watcher.py:finish():402] scan save: C:\Users\marie\Desktop\Sanfour\MFRS\models\wandb\run-20240430_180708-0n3y05e8\files\output.log output.log
2024-04-30 18:07:34,303 INFO    SenderThread:149132 [dir_watcher.py:finish():402] scan save: C:\Users\marie\Desktop\Sanfour\MFRS\models\wandb\run-20240430_180708-0n3y05e8\files\requirements.txt requirements.txt
2024-04-30 18:07:34,307 INFO    SenderThread:149132 [dir_watcher.py:finish():402] scan save: C:\Users\marie\Desktop\Sanfour\MFRS\models\wandb\run-20240430_180708-0n3y05e8\files\wandb-metadata.json wandb-metadata.json
2024-04-30 18:07:34,307 INFO    SenderThread:149132 [dir_watcher.py:finish():402] scan save: C:\Users\marie\Desktop\Sanfour\MFRS\models\wandb\run-20240430_180708-0n3y05e8\files\wandb-summary.json wandb-summary.json
2024-04-30 18:07:34,309 INFO    SenderThread:149132 [sender.py:transition_state():612] send defer: 10
2024-04-30 18:07:34,311 DEBUG   HandlerThread:149132 [handler.py:handle_request():144] handle_request: defer
2024-04-30 18:07:34,311 INFO    HandlerThread:149132 [handler.py:handle_request_defer():170] handle defer: 10
2024-04-30 18:07:34,313 DEBUG   SenderThread:149132 [sender.py:send_request():406] send_request: defer
2024-04-30 18:07:34,313 INFO    SenderThread:149132 [sender.py:send_request_defer():608] handle sender defer: 10
2024-04-30 18:07:34,313 INFO    SenderThread:149132 [file_pusher.py:finish():159] shutting down file pusher
2024-04-30 18:07:34,579 INFO    wandb-upload_0:149132 [upload_job.py:push():131] Uploaded file C:\Users\marie\Desktop\Sanfour\MFRS\models\wandb\run-20240430_180708-0n3y05e8\files\config.yaml
2024-04-30 18:07:34,611 INFO    wandb-upload_1:149132 [upload_job.py:push():131] Uploaded file C:\Users\marie\Desktop\Sanfour\MFRS\models\wandb\run-20240430_180708-0n3y05e8\files\output.log
2024-04-30 18:07:34,628 INFO    wandb-upload_3:149132 [upload_job.py:push():131] Uploaded file C:\Users\marie\Desktop\Sanfour\MFRS\models\wandb\run-20240430_180708-0n3y05e8\files\wandb-summary.json
2024-04-30 18:07:34,644 INFO    wandb-upload_2:149132 [upload_job.py:push():131] Uploaded file C:\Users\marie\Desktop\Sanfour\MFRS\models\wandb\run-20240430_180708-0n3y05e8\files\requirements.txt
2024-04-30 18:07:34,850 INFO    Thread-15 :149132 [sender.py:transition_state():612] send defer: 11
2024-04-30 18:07:34,850 DEBUG   HandlerThread:149132 [handler.py:handle_request():144] handle_request: defer
2024-04-30 18:07:34,850 INFO    HandlerThread:149132 [handler.py:handle_request_defer():170] handle defer: 11
2024-04-30 18:07:34,850 DEBUG   SenderThread:149132 [sender.py:send_request():406] send_request: defer
2024-04-30 18:07:34,850 INFO    SenderThread:149132 [sender.py:send_request_defer():608] handle sender defer: 11
2024-04-30 18:07:34,850 INFO    SenderThread:149132 [file_pusher.py:join():164] waiting for file pusher
2024-04-30 18:07:34,850 INFO    SenderThread:149132 [sender.py:transition_state():612] send defer: 12
2024-04-30 18:07:34,852 DEBUG   HandlerThread:149132 [handler.py:handle_request():144] handle_request: defer
2024-04-30 18:07:34,852 INFO    HandlerThread:149132 [handler.py:handle_request_defer():170] handle defer: 12
2024-04-30 18:07:34,852 DEBUG   SenderThread:149132 [sender.py:send_request():406] send_request: defer
2024-04-30 18:07:34,852 INFO    SenderThread:149132 [sender.py:send_request_defer():608] handle sender defer: 12
2024-04-30 18:07:34,852 INFO    SenderThread:149132 [file_stream.py:finish():593] file stream finish called
2024-04-30 18:07:34,930 INFO    SenderThread:149132 [file_stream.py:finish():597] file stream finish is done
2024-04-30 18:07:34,930 INFO    SenderThread:149132 [sender.py:transition_state():612] send defer: 13
2024-04-30 18:07:34,930 DEBUG   HandlerThread:149132 [handler.py:handle_request():144] handle_request: defer
2024-04-30 18:07:34,930 INFO    HandlerThread:149132 [handler.py:handle_request_defer():170] handle defer: 13
2024-04-30 18:07:34,930 DEBUG   SenderThread:149132 [sender.py:send_request():406] send_request: defer
2024-04-30 18:07:34,930 INFO    SenderThread:149132 [sender.py:send_request_defer():608] handle sender defer: 13
2024-04-30 18:07:34,930 INFO    SenderThread:149132 [sender.py:transition_state():612] send defer: 14
2024-04-30 18:07:34,930 DEBUG   HandlerThread:149132 [handler.py:handle_request():144] handle_request: defer
2024-04-30 18:07:34,930 INFO    HandlerThread:149132 [handler.py:handle_request_defer():170] handle defer: 14
2024-04-30 18:07:34,930 DEBUG   SenderThread:149132 [sender.py:send():379] send: final
2024-04-30 18:07:34,930 DEBUG   SenderThread:149132 [sender.py:send():379] send: footer
2024-04-30 18:07:34,930 DEBUG   SenderThread:149132 [sender.py:send_request():406] send_request: defer
2024-04-30 18:07:34,930 INFO    SenderThread:149132 [sender.py:send_request_defer():608] handle sender defer: 14
2024-04-30 18:07:34,930 DEBUG   HandlerThread:149132 [handler.py:handle_request():144] handle_request: poll_exit
2024-04-30 18:07:34,930 DEBUG   HandlerThread:149132 [handler.py:handle_request():144] handle_request: server_info
2024-04-30 18:07:34,930 DEBUG   HandlerThread:149132 [handler.py:handle_request():144] handle_request: get_summary
2024-04-30 18:07:34,930 DEBUG   HandlerThread:149132 [handler.py:handle_request():144] handle_request: sampled_history
2024-04-30 18:07:34,930 DEBUG   HandlerThread:149132 [handler.py:handle_request():144] handle_request: job_info
2024-04-30 18:07:34,930 DEBUG   SenderThread:149132 [sender.py:send_request():406] send_request: poll_exit
2024-04-30 18:07:34,945 DEBUG   SenderThread:149132 [sender.py:send_request():406] send_request: server_info
2024-04-30 18:07:34,994 DEBUG   SenderThread:149132 [sender.py:send_request():406] send_request: job_info
2024-04-30 18:07:34,994 INFO    MainThread:149132 [wandb_run.py:_footer_history_summary_info():3481] rendering history
2024-04-30 18:07:34,994 INFO    MainThread:149132 [wandb_run.py:_footer_history_summary_info():3513] rendering summary
2024-04-30 18:07:34,994 INFO    MainThread:149132 [wandb_run.py:_footer_sync_info():3440] logging synced files
2024-04-30 18:07:35,000 DEBUG   HandlerThread:149132 [handler.py:handle_request():144] handle_request: shutdown
2024-04-30 18:07:35,000 INFO    HandlerThread:149132 [handler.py:finish():861] shutting down handler
2024-04-30 18:07:35,952 INFO    WriterThread:149132 [datastore.py:close():294] close: C:\Users\marie\Desktop\Sanfour\MFRS\models\wandb\run-20240430_180708-0n3y05e8\run-0n3y05e8.wandb
2024-04-30 18:07:36,006 INFO    SenderThread:149132 [sender.py:finish():1552] shutting down sender
2024-04-30 18:07:36,006 INFO    SenderThread:149132 [file_pusher.py:finish():159] shutting down file pusher
2024-04-30 18:07:36,006 INFO    SenderThread:149132 [file_pusher.py:join():164] waiting for file pusher
